nohup: ignoring input
ORACLE_SID is set to iv_st
ORACLE_DB is set to IV_ST
ORACLE_HOME is set to /u01/app/oracle/product/11.2.0.4/dbhome_1

Recovery Manager: Release 11.2.0.4.0 - Production on Fri Jun 10 14:50:48 2016

Copyright (c) 1982, 2011, Oracle and/or its affiliates.  All rights reserved.

connected to target database: IV_ST (DBID=3278336694)

RMAN> 
RMAN> 
using target database control file instead of recovery catalog
new RMAN configuration parameters:
CONFIGURE RETENTION POLICY TO REDUNDANCY 2;
new RMAN configuration parameters are successfully stored

RMAN> 
new RMAN configuration parameters:
CONFIGURE CONTROLFILE AUTOBACKUP FORMAT FOR DEVICE TYPE DISK TO '/mnt/oda_backups/IV_ST/rman//%F';
new RMAN configuration parameters are successfully stored

RMAN> 
new RMAN configuration parameters:
CONFIGURE SNAPSHOT CONTROLFILE NAME TO '/mnt/oda_backups/IV_ST/rman//snapcf_iv_st.f';
new RMAN configuration parameters are successfully stored

RMAN> 
RMAN> 

Recovery Manager complete.
RMAN> 2> 3> 4> 5> 6> 7> 8> 9> 10> 11> 12> 13> 14> 15> 16> 17> 18> 19> 20> 21> 22> 23> 24> 25> 26> 27> 28> 29> 
Recovery Manager: Release 11.2.0.4.0 - Production on Fri Jun 10 14:50:49 2016

Copyright (c) 1982, 2011, Oracle and/or its affiliates.  All rights reserved.

connected to target database: IV_ST (DBID=3278336694)

RMAN> show all;
2> 
3> run {
4>     allocate channel c1 type disk;
5>     allocate channel c2 type disk;
6>     allocate channel c3 type disk;
7>     allocate channel c4 type disk;
8>     allocate channel c5 type disk;
9>     allocate channel c6 type disk;
10> 
11>     DELETE NOPROMPT OBSOLETE;
12> 
13>     backup as COMPRESSED BACKUPSET 
14> 	incremental level 0
15> 	format '/mnt/oda_backups/%d/rman/%d_%T_L0_D_%u_s%s_p%p'
16> 	database;
17> 
18>     backup as COMPRESSED BACKUPSET
19> 	archivelog all
20> 	format '/mnt/oda_backups/%d/rman/%d_%T_L0_A_%u_s%s_p%p'
21> 	delete all input;
22> 
23>     DELETE NOPROMPT OBSOLETE;
24> 
25>     DELETE NOPROMPT EXPIRED BACKUP;
26> 
27>       }
28> 
29> 
using target database control file instead of recovery catalog
RMAN configuration parameters for database with db_unique_name IV_ST are:
CONFIGURE RETENTION POLICY TO REDUNDANCY 2;
CONFIGURE BACKUP OPTIMIZATION OFF; # default
CONFIGURE DEFAULT DEVICE TYPE TO DISK; # default
CONFIGURE CONTROLFILE AUTOBACKUP OFF; # default
CONFIGURE CONTROLFILE AUTOBACKUP FORMAT FOR DEVICE TYPE DISK TO '/mnt/oda_backups/IV_ST/rman//%F';
CONFIGURE DEVICE TYPE DISK PARALLELISM 1 BACKUP TYPE TO BACKUPSET; # default
CONFIGURE DATAFILE BACKUP COPIES FOR DEVICE TYPE DISK TO 1; # default
CONFIGURE ARCHIVELOG BACKUP COPIES FOR DEVICE TYPE DISK TO 1; # default
CONFIGURE MAXSETSIZE TO UNLIMITED; # default
CONFIGURE ENCRYPTION FOR DATABASE OFF; # default
CONFIGURE ENCRYPTION ALGORITHM 'AES128'; # default
CONFIGURE COMPRESSION ALGORITHM 'BASIC' AS OF RELEASE 'DEFAULT' OPTIMIZE FOR LOAD TRUE ; # default
CONFIGURE ARCHIVELOG DELETION POLICY TO NONE; # default
CONFIGURE SNAPSHOT CONTROLFILE NAME TO '/mnt/oda_backups/IV_ST/rman//snapcf_iv_st.f';

allocated channel: c1
channel c1: SID=424 device type=DISK

allocated channel: c2
channel c2: SID=495 device type=DISK

allocated channel: c3
channel c3: SID=150 device type=DISK

allocated channel: c4
channel c4: SID=218 device type=DISK

allocated channel: c5
channel c5: SID=287 device type=DISK

allocated channel: c6
channel c6: SID=356 device type=DISK

RMAN retention policy will be applied to the command
RMAN retention policy is set to redundancy 2
no obsolete backups found

Starting backup at 10-JUN-2016 14:50:51
channel c1: starting compressed incremental level 0 datafile backup set
channel c1: specifying datafile(s) in backup set
input datafile file number=00003 name=/u02/app/oracle/oradata/datastore/.ACFS/snaps/iv_st/IV_ST/datafile/o1_mf_sysaux_j9r7dcvu_.dbf
input datafile file number=00005 name=/u02/app/oracle/oradata/datastore/.ACFS/snaps/iv_st/IV_ST/datafile/o1_mf_users_jgr7df80_.dbf
channel c1: starting piece 1 at 10-JUN-2016 14:50:52
channel c2: starting compressed incremental level 0 datafile backup set
channel c2: specifying datafile(s) in backup set
input datafile file number=00008 name=/u02/app/oracle/oradata/datastore/.ACFS/snaps/iv_st/IV_ST/datafile/o1_mf_storage__jar7dcvv_.dbf
input datafile file number=00001 name=/u02/app/oracle/oradata/datastore/.ACFS/snaps/iv_st/IV_ST/datafile/o1_mf_system_jhr7dfd8_.dbf
channel c2: starting piece 1 at 10-JUN-2016 14:50:52
channel c3: starting compressed incremental level 0 datafile backup set
channel c3: specifying datafile(s) in backup set
input datafile file number=00007 name=/u02/app/oracle/oradata/datastore/.ACFS/snaps/iv_st/IV_ST/datafile/o1_mf_storage__jbr7dcvv_.dbf
input datafile file number=00010 name=/u02/app/oracle/oradata/datastore/.ACFS/snaps/iv_st/IV_ST/datafile/o1_mf_storage__jfr7deur_.dbf
channel c3: starting piece 1 at 10-JUN-2016 14:50:52
channel c4: starting compressed incremental level 0 datafile backup set
channel c4: specifying datafile(s) in backup set
input datafile file number=00004 name=/u02/app/oracle/oradata/datastore/.ACFS/snaps/iv_st/IV_ST/datafile/o1_mf_undotbs2_jdr7ddso_.dbf
input datafile file number=00002 name=/u02/app/oracle/oradata/datastore/.ACFS/snaps/iv_st/IV_ST/datafile/o1_mf_undotbs1_jer7deen_.dbf
channel c4: starting piece 1 at 10-JUN-2016 14:50:52
channel c5: starting compressed incremental level 0 datafile backup set
channel c5: specifying datafile(s) in backup set
input datafile file number=00009 name=/u02/app/oracle/oradata/datastore/.ACFS/snaps/iv_st/IV_ST/datafile/o1_mf_storage__jcr7dd00_.dbf
channel c5: starting piece 1 at 10-JUN-2016 14:50:52
channel c6: starting compressed incremental level 0 datafile backup set
channel c6: specifying datafile(s) in backup set
input datafile file number=00006 name=/u02/app/oracle/oradata/datastore/.ACFS/snaps/iv_st/IV_ST/datafile/o1_mf_lob_data_jir7dfg0_.dbf
channel c6: starting piece 1 at 10-JUN-2016 14:50:52
channel c4: finished piece 1 at 10-JUN-2016 14:50:53
piece handle=/mnt/oda_backups/IV_ST/rman/IV_ST_20160610_L0_D_0fr7q3mc_s15_p1 tag=TAG20160610T145051 comment=NONE
channel c4: backup set complete, elapsed time: 00:00:01
channel c4: starting compressed incremental level 0 datafile backup set
channel c4: specifying datafile(s) in backup set
including current control file in backup set
channel c4: starting piece 1 at 10-JUN-2016 14:50:55
channel c6: finished piece 1 at 10-JUN-2016 14:50:55
piece handle=/mnt/oda_backups/IV_ST/rman/IV_ST_20160610_L0_D_0hr7q3mc_s17_p1 tag=TAG20160610T145051 comment=NONE
channel c6: backup set complete, elapsed time: 00:00:03
channel c6: starting compressed incremental level 0 datafile backup set
channel c6: specifying datafile(s) in backup set
including current SPFILE in backup set
channel c6: starting piece 1 at 10-JUN-2016 14:50:55
channel c4: finished piece 1 at 10-JUN-2016 14:50:56
piece handle=/mnt/oda_backups/IV_ST/rman/IV_ST_20160610_L0_D_0ir7q3md_s18_p1 tag=TAG20160610T145051 comment=NONE
channel c4: backup set complete, elapsed time: 00:00:01
channel c6: finished piece 1 at 10-JUN-2016 14:50:56
piece handle=/mnt/oda_backups/IV_ST/rman/IV_ST_20160610_L0_D_0jr7q3mf_s19_p1 tag=TAG20160610T145051 comment=NONE
channel c6: backup set complete, elapsed time: 00:00:01
channel c5: finished piece 1 at 10-JUN-2016 14:55:50
piece handle=/mnt/oda_backups/IV_ST/rman/IV_ST_20160610_L0_D_0gr7q3mc_s16_p1 tag=TAG20160610T145051 comment=NONE
channel c5: backup set complete, elapsed time: 00:04:58
channel c1: finished piece 1 at 10-JUN-2016 14:56:30
piece handle=/mnt/oda_backups/IV_ST/rman/IV_ST_20160610_L0_D_0cr7q3mc_s12_p1 tag=TAG20160610T145051 comment=NONE
channel c1: backup set complete, elapsed time: 00:05:38
channel c2: finished piece 1 at 10-JUN-2016 15:22:40
piece handle=/mnt/oda_backups/IV_ST/rman/IV_ST_20160610_L0_D_0dr7q3mc_s13_p1 tag=TAG20160610T145051 comment=NONE
channel c2: backup set complete, elapsed time: 00:31:48
channel c3: finished piece 1 at 10-JUN-2016 15:37:00
piece handle=/mnt/oda_backups/IV_ST/rman/IV_ST_20160610_L0_D_0er7q3mc_s14_p1 tag=TAG20160610T145051 comment=NONE
channel c3: backup set complete, elapsed time: 00:46:08
Finished backup at 10-JUN-2016 15:37:00

Starting backup at 10-JUN-2016 15:37:01
current log archived
channel c1: starting compressed archived log backup set
channel c1: specifying archived log(s) in backup set
input archived log thread=1 sequence=30 RECID=31 STAMP=914101215
channel c1: starting piece 1 at 10-JUN-2016 15:37:02
channel c2: starting compressed archived log backup set
channel c2: specifying archived log(s) in backup set
input archived log thread=1 sequence=31 RECID=32 STAMP=914116156
channel c2: starting piece 1 at 10-JUN-2016 15:37:02
channel c3: starting compressed archived log backup set
channel c3: specifying archived log(s) in backup set
input archived log thread=1 sequence=32 RECID=33 STAMP=914116235
channel c3: starting piece 1 at 10-JUN-2016 15:37:02
channel c4: starting compressed archived log backup set
channel c4: specifying archived log(s) in backup set
input archived log thread=1 sequence=33 RECID=34 STAMP=914116333
channel c4: starting piece 1 at 10-JUN-2016 15:37:02
channel c5: starting compressed archived log backup set
channel c5: specifying archived log(s) in backup set
input archived log thread=1 sequence=34 RECID=35 STAMP=914168222
channel c5: starting piece 1 at 10-JUN-2016 15:37:02
channel c1: finished piece 1 at 10-JUN-2016 15:37:09
piece handle=/mnt/oda_backups/IV_ST/rman/IV_ST_20160610_L0_A_0kr7q6cu_s20_p1 tag=TAG20160610T153702 comment=NONE
channel c1: backup set complete, elapsed time: 00:00:07
channel c1: deleting archived log(s)
archived log file name=/u01/app/oracle/fast_recovery_area/datastore/iv_st/IV_ST/archivelog/2016_06_09/o1_mf_1_30_con48ymz_.arc RECID=31 STAMP=914101215
channel c2: finished piece 1 at 10-JUN-2016 15:37:09
piece handle=/mnt/oda_backups/IV_ST/rman/IV_ST_20160610_L0_A_0lr7q6cu_s21_p1 tag=TAG20160610T153702 comment=NONE
channel c2: backup set complete, elapsed time: 00:00:07
channel c2: deleting archived log(s)
archived log file name=/u01/app/oracle/fast_recovery_area/datastore/iv_st/IV_ST/archivelog/2016_06_10/o1_mf_1_31_conlvvgb_.arc RECID=32 STAMP=914116156
channel c3: finished piece 1 at 10-JUN-2016 15:37:09
piece handle=/mnt/oda_backups/IV_ST/rman/IV_ST_20160610_L0_A_0mr7q6cu_s22_p1 tag=TAG20160610T153702 comment=NONE
channel c3: backup set complete, elapsed time: 00:00:07
channel c3: deleting archived log(s)
archived log file name=/u01/app/oracle/fast_recovery_area/datastore/iv_st/IV_ST/archivelog/2016_06_10/o1_mf_1_32_conly9j5_.arc RECID=33 STAMP=914116235
channel c4: finished piece 1 at 10-JUN-2016 15:37:10
piece handle=/mnt/oda_backups/IV_ST/rman/IV_ST_20160610_L0_A_0nr7q6cu_s23_p1 tag=TAG20160610T153702 comment=NONE
channel c4: backup set complete, elapsed time: 00:00:08
channel c4: deleting archived log(s)
archived log file name=/u01/app/oracle/fast_recovery_area/datastore/iv_st/IV_ST/archivelog/2016_06_10/o1_mf_1_33_conm1dkm_.arc RECID=34 STAMP=914116333
channel c5: finished piece 1 at 10-JUN-2016 15:37:10
piece handle=/mnt/oda_backups/IV_ST/rman/IV_ST_20160610_L0_A_0or7q6cu_s24_p1 tag=TAG20160610T153702 comment=NONE
channel c5: backup set complete, elapsed time: 00:00:08
channel c5: deleting archived log(s)
archived log file name=/u01/app/oracle/fast_recovery_area/datastore/iv_st/IV_ST/archivelog/2016_06_10/o1_mf_1_34_cop5pxko_.arc RECID=35 STAMP=914168222
Finished backup at 10-JUN-2016 15:37:10

RMAN retention policy will be applied to the command
RMAN retention policy is set to redundancy 2
no obsolete backups found

specification does not match any backup in the repository
released channel: c1
released channel: c2
released channel: c3
released channel: c4
released channel: c5
released channel: c6

Recovery Manager complete.
Script
